{
  "stats": {
    "suites": 1,
    "tests": 1,
    "passes": 1,
    "pending": 0,
    "failures": 0,
    "start": "2021-02-19T02:34:51.172Z",
    "end": "2021-02-19T02:34:51.177Z",
    "duration": 5,
    "testsRegistered": 1,
    "passPercent": 100,
    "pendingPercent": 0,
    "other": 0,
    "hasOther": false,
    "skipped": 0,
    "hasSkipped": false
  },
  "results": [
    {
      "uuid": "90917244-ee02-4140-96bb-6887166ee869",
      "title": "",
      "fullFile": "",
      "file": "",
      "beforeHooks": [],
      "afterHooks": [],
      "tests": [],
      "suites": [
        {
          "uuid": "34185cae-108b-4fcf-b62b-9bff2fb5ae6a",
          "title": "deviceready",
          "fullFile": "/Users/hoai.truong/Documents/halkeeping/halkeepingAdmin/test/test.js",
          "file": "/test/test.js",
          "beforeHooks": [],
          "afterHooks": [],
          "tests": [
            {
              "title": "should report that it fired",
              "fullTitle": "deviceready should report that it fired",
              "timedOut": false,
              "duration": 1,
              "state": "passed",
              "speed": "fast",
              "pass": true,
              "fail": false,
              "pending": false,
              "context": null,
              "code": "expect(0).equal(0);",
              "err": {},
              "uuid": "6d7863a1-bcf8-4f24-acf7-e2ddea3a9347",
              "parentUUID": "34185cae-108b-4fcf-b62b-9bff2fb5ae6a",
              "isHook": false,
              "skipped": false
            }
          ],
          "suites": [],
          "passes": [
            "6d7863a1-bcf8-4f24-acf7-e2ddea3a9347"
          ],
          "failures": [],
          "pending": [],
          "skipped": [],
          "duration": 1,
          "root": false,
          "rootEmpty": false,
          "_timeout": 2000
        }
      ],
      "passes": [],
      "failures": [],
      "pending": [],
      "skipped": [],
      "duration": 0,
      "root": true,
      "rootEmpty": true,
      "_timeout": 2000
    }
  ],
  "meta": {
    "mocha": {
      "version": "8.3.0"
    },
    "mochawesome": {
      "options": {
        "quiet": false,
        "reportFilename": "test-results",
        "saveHtml": true,
        "saveJson": true,
        "consoleReporter": "spec",
        "useInlineDiffs": false,
        "code": true
      },
      "version": "6.2.2"
    },
    "marge": {
      "options": {
        "reportDir": "test-results",
        "reportFilename": "test-results"
      },
      "version": "5.2.0"
    }
  }
}